CRITICAL - 2022-05-27 02:08:43 --> Invalid file: general/masuk.php
#0 C:\wamp64\www\Moaney\system\View\View.php(198): CodeIgniter\Exceptions\FrameworkException::forInvalidFile('general/masuk.p...')
#1 C:\wamp64\www\Moaney\system\Common.php(1089): CodeIgniter\View\View->render('general/masuk', Array, true)
#2 C:\wamp64\www\Moaney\app\Controllers\General.php(9): view('general/masuk')
#3 C:\wamp64\www\Moaney\system\CodeIgniter.php(832): App\Controllers\General->index()
#4 C:\wamp64\www\Moaney\system\CodeIgniter.php(419): CodeIgniter\CodeIgniter->runController(Object(App\Controllers\General))
#5 C:\wamp64\www\Moaney\system\CodeIgniter.php(326): CodeIgniter\CodeIgniter->handleRequest(NULL, Object(Config\Cache), false)
#6 C:\wamp64\www\Moaney\public\index.php(37): CodeIgniter\CodeIgniter->run()
#7 {main}
CRITICAL - 2022-05-27 02:10:18 --> Use of undefined constant index - assumed 'index' (this will throw an Error in a future version of PHP)
#0 C:\wamp64\www\Moaney\app\Controllers\General.php(9): CodeIgniter\Debug\Exceptions->errorHandler(2, 'Use of undefine...', 'C:\\wamp64\\www\\M...', 9, Array)
#1 C:\wamp64\www\Moaney\system\CodeIgniter.php(832): App\Controllers\General->index()
#2 C:\wamp64\www\Moaney\system\CodeIgniter.php(419): CodeIgniter\CodeIgniter->runController(Object(App\Controllers\General))
#3 C:\wamp64\www\Moaney\system\CodeIgniter.php(326): CodeIgniter\CodeIgniter->handleRequest(NULL, Object(Config\Cache), false)
#4 C:\wamp64\www\Moaney\public\index.php(37): CodeIgniter\CodeIgniter->run()
#5 {main}
CRITICAL - 2022-05-27 02:10:26 --> Use of undefined constant index - assumed 'index' (this will throw an Error in a future version of PHP)
#0 C:\wamp64\www\Moaney\app\Controllers\General.php(9): CodeIgniter\Debug\Exceptions->errorHandler(2, 'Use of undefine...', 'C:\\wamp64\\www\\M...', 9, Array)
#1 C:\wamp64\www\Moaney\system\CodeIgniter.php(832): App\Controllers\General->index()
#2 C:\wamp64\www\Moaney\system\CodeIgniter.php(419): CodeIgniter\CodeIgniter->runController(Object(App\Controllers\General))
#3 C:\wamp64\www\Moaney\system\CodeIgniter.php(326): CodeIgniter\CodeIgniter->handleRequest(NULL, Object(Config\Cache), false)
#4 C:\wamp64\www\Moaney\public\index.php(37): CodeIgniter\CodeIgniter->run()
#5 {main}
CRITICAL - 2022-05-27 02:10:27 --> Use of undefined constant index - assumed 'index' (this will throw an Error in a future version of PHP)
#0 C:\wamp64\www\Moaney\app\Controllers\General.php(9): CodeIgniter\Debug\Exceptions->errorHandler(2, 'Use of undefine...', 'C:\\wamp64\\www\\M...', 9, Array)
#1 C:\wamp64\www\Moaney\system\CodeIgniter.php(832): App\Controllers\General->index()
#2 C:\wamp64\www\Moaney\system\CodeIgniter.php(419): CodeIgniter\CodeIgniter->runController(Object(App\Controllers\General))
#3 C:\wamp64\www\Moaney\system\CodeIgniter.php(326): CodeIgniter\CodeIgniter->handleRequest(NULL, Object(Config\Cache), false)
#4 C:\wamp64\www\Moaney\public\index.php(37): CodeIgniter\CodeIgniter->run()
#5 {main}
CRITICAL - 2022-05-27 02:10:27 --> Use of undefined constant index - assumed 'index' (this will throw an Error in a future version of PHP)
#0 C:\wamp64\www\Moaney\app\Controllers\General.php(9): CodeIgniter\Debug\Exceptions->errorHandler(2, 'Use of undefine...', 'C:\\wamp64\\www\\M...', 9, Array)
#1 C:\wamp64\www\Moaney\system\CodeIgniter.php(832): App\Controllers\General->index()
#2 C:\wamp64\www\Moaney\system\CodeIgniter.php(419): CodeIgniter\CodeIgniter->runController(Object(App\Controllers\General))
#3 C:\wamp64\www\Moaney\system\CodeIgniter.php(326): CodeIgniter\CodeIgniter->handleRequest(NULL, Object(Config\Cache), false)
#4 C:\wamp64\www\Moaney\public\index.php(37): CodeIgniter\CodeIgniter->run()
#5 {main}
CRITICAL - 2022-05-27 02:10:27 --> Use of undefined constant index - assumed 'index' (this will throw an Error in a future version of PHP)
#0 C:\wamp64\www\Moaney\app\Controllers\General.php(9): CodeIgniter\Debug\Exceptions->errorHandler(2, 'Use of undefine...', 'C:\\wamp64\\www\\M...', 9, Array)
#1 C:\wamp64\www\Moaney\system\CodeIgniter.php(832): App\Controllers\General->index()
#2 C:\wamp64\www\Moaney\system\CodeIgniter.php(419): CodeIgniter\CodeIgniter->runController(Object(App\Controllers\General))
#3 C:\wamp64\www\Moaney\system\CodeIgniter.php(326): CodeIgniter\CodeIgniter->handleRequest(NULL, Object(Config\Cache), false)
#4 C:\wamp64\www\Moaney\public\index.php(37): CodeIgniter\CodeIgniter->run()
#5 {main}
CRITICAL - 2022-05-27 02:10:28 --> Use of undefined constant index - assumed 'index' (this will throw an Error in a future version of PHP)
#0 C:\wamp64\www\Moaney\app\Controllers\General.php(9): CodeIgniter\Debug\Exceptions->errorHandler(2, 'Use of undefine...', 'C:\\wamp64\\www\\M...', 9, Array)
#1 C:\wamp64\www\Moaney\system\CodeIgniter.php(832): App\Controllers\General->index()
#2 C:\wamp64\www\Moaney\system\CodeIgniter.php(419): CodeIgniter\CodeIgniter->runController(Object(App\Controllers\General))
#3 C:\wamp64\www\Moaney\system\CodeIgniter.php(326): CodeIgniter\CodeIgniter->handleRequest(NULL, Object(Config\Cache), false)
#4 C:\wamp64\www\Moaney\public\index.php(37): CodeIgniter\CodeIgniter->run()
#5 {main}
CRITICAL - 2022-05-27 02:19:40 --> Use of undefined constant index - assumed 'index' (this will throw an Error in a future version of PHP)
#0 C:\wamp64\www\Moaney\app\Controllers\General.php(9): CodeIgniter\Debug\Exceptions->errorHandler(2, 'Use of undefine...', 'C:\\wamp64\\www\\M...', 9, Array)
#1 C:\wamp64\www\Moaney\system\CodeIgniter.php(832): App\Controllers\General->index()
#2 C:\wamp64\www\Moaney\system\CodeIgniter.php(419): CodeIgniter\CodeIgniter->runController(Object(App\Controllers\General))
#3 C:\wamp64\www\Moaney\system\CodeIgniter.php(326): CodeIgniter\CodeIgniter->handleRequest(NULL, Object(Config\Cache), false)
#4 C:\wamp64\www\Moaney\public\index.php(37): CodeIgniter\CodeIgniter->run()
#5 {main}
CRITICAL - 2022-05-27 02:19:41 --> Use of undefined constant index - assumed 'index' (this will throw an Error in a future version of PHP)
#0 C:\wamp64\www\Moaney\app\Controllers\General.php(9): CodeIgniter\Debug\Exceptions->errorHandler(2, 'Use of undefine...', 'C:\\wamp64\\www\\M...', 9, Array)
#1 C:\wamp64\www\Moaney\system\CodeIgniter.php(832): App\Controllers\General->index()
#2 C:\wamp64\www\Moaney\system\CodeIgniter.php(419): CodeIgniter\CodeIgniter->runController(Object(App\Controllers\General))
#3 C:\wamp64\www\Moaney\system\CodeIgniter.php(326): CodeIgniter\CodeIgniter->handleRequest(NULL, Object(Config\Cache), false)
#4 C:\wamp64\www\Moaney\public\index.php(37): CodeIgniter\CodeIgniter->run()
#5 {main}
CRITICAL - 2022-05-27 02:20:07 --> Use of undefined constant index - assumed 'index' (this will throw an Error in a future version of PHP)
#0 C:\wamp64\www\Moaney\app\Controllers\General.php(9): CodeIgniter\Debug\Exceptions->errorHandler(2, 'Use of undefine...', 'C:\\wamp64\\www\\M...', 9, Array)
#1 C:\wamp64\www\Moaney\system\CodeIgniter.php(832): App\Controllers\General->index()
#2 C:\wamp64\www\Moaney\system\CodeIgniter.php(419): CodeIgniter\CodeIgniter->runController(Object(App\Controllers\General))
#3 C:\wamp64\www\Moaney\system\CodeIgniter.php(326): CodeIgniter\CodeIgniter->handleRequest(NULL, Object(Config\Cache), false)
#4 C:\wamp64\www\Moaney\public\index.php(37): CodeIgniter\CodeIgniter->run()
#5 {main}
CRITICAL - 2022-05-27 02:20:08 --> Use of undefined constant index - assumed 'index' (this will throw an Error in a future version of PHP)
#0 C:\wamp64\www\Moaney\app\Controllers\General.php(9): CodeIgniter\Debug\Exceptions->errorHandler(2, 'Use of undefine...', 'C:\\wamp64\\www\\M...', 9, Array)
#1 C:\wamp64\www\Moaney\system\CodeIgniter.php(832): App\Controllers\General->index()
#2 C:\wamp64\www\Moaney\system\CodeIgniter.php(419): CodeIgniter\CodeIgniter->runController(Object(App\Controllers\General))
#3 C:\wamp64\www\Moaney\system\CodeIgniter.php(326): CodeIgniter\CodeIgniter->handleRequest(NULL, Object(Config\Cache), false)
#4 C:\wamp64\www\Moaney\public\index.php(37): CodeIgniter\CodeIgniter->run()
#5 {main}
CRITICAL - 2022-05-27 02:20:08 --> Use of undefined constant index - assumed 'index' (this will throw an Error in a future version of PHP)
#0 C:\wamp64\www\Moaney\app\Controllers\General.php(9): CodeIgniter\Debug\Exceptions->errorHandler(2, 'Use of undefine...', 'C:\\wamp64\\www\\M...', 9, Array)
#1 C:\wamp64\www\Moaney\system\CodeIgniter.php(832): App\Controllers\General->index()
#2 C:\wamp64\www\Moaney\system\CodeIgniter.php(419): CodeIgniter\CodeIgniter->runController(Object(App\Controllers\General))
#3 C:\wamp64\www\Moaney\system\CodeIgniter.php(326): CodeIgniter\CodeIgniter->handleRequest(NULL, Object(Config\Cache), false)
#4 C:\wamp64\www\Moaney\public\index.php(37): CodeIgniter\CodeIgniter->run()
#5 {main}
CRITICAL - 2022-05-27 02:20:10 --> Use of undefined constant index - assumed 'index' (this will throw an Error in a future version of PHP)
#0 C:\wamp64\www\Moaney\app\Controllers\General.php(9): CodeIgniter\Debug\Exceptions->errorHandler(2, 'Use of undefine...', 'C:\\wamp64\\www\\M...', 9, Array)
#1 C:\wamp64\www\Moaney\system\CodeIgniter.php(832): App\Controllers\General->index()
#2 C:\wamp64\www\Moaney\system\CodeIgniter.php(419): CodeIgniter\CodeIgniter->runController(Object(App\Controllers\General))
#3 C:\wamp64\www\Moaney\system\CodeIgniter.php(326): CodeIgniter\CodeIgniter->handleRequest(NULL, Object(Config\Cache), false)
#4 C:\wamp64\www\Moaney\public\index.php(37): CodeIgniter\CodeIgniter->run()
#5 {main}
CRITICAL - 2022-05-27 06:01:31 --> Call to a member function helper() on null
#0 C:\wamp64\www\Moaney\system\CodeIgniter.php(832): App\Controllers\General->index()
#1 C:\wamp64\www\Moaney\system\CodeIgniter.php(419): CodeIgniter\CodeIgniter->runController(Object(App\Controllers\General))
#2 C:\wamp64\www\Moaney\system\CodeIgniter.php(326): CodeIgniter\CodeIgniter->handleRequest(NULL, Object(Config\Cache), false)
#3 C:\wamp64\www\Moaney\public\index.php(37): CodeIgniter\CodeIgniter->run()
#4 {main}
CRITICAL - 2022-05-27 06:01:39 --> Call to a member function helper() on null
#0 C:\wamp64\www\Moaney\system\CodeIgniter.php(832): App\Controllers\General->index()
#1 C:\wamp64\www\Moaney\system\CodeIgniter.php(419): CodeIgniter\CodeIgniter->runController(Object(App\Controllers\General))
#2 C:\wamp64\www\Moaney\system\CodeIgniter.php(326): CodeIgniter\CodeIgniter->handleRequest(NULL, Object(Config\Cache), false)
#3 C:\wamp64\www\Moaney\public\index.php(37): CodeIgniter\CodeIgniter->run()
#4 {main}
CRITICAL - 2022-05-27 06:02:01 --> Call to a member function helper() on null
#0 C:\wamp64\www\Moaney\system\CodeIgniter.php(832): App\Controllers\General->index()
#1 C:\wamp64\www\Moaney\system\CodeIgniter.php(419): CodeIgniter\CodeIgniter->runController(Object(App\Controllers\General))
#2 C:\wamp64\www\Moaney\system\CodeIgniter.php(326): CodeIgniter\CodeIgniter->handleRequest(NULL, Object(Config\Cache), false)
#3 C:\wamp64\www\Moaney\public\index.php(37): CodeIgniter\CodeIgniter->run()
#4 {main}
CRITICAL - 2022-05-27 06:02:10 --> Call to a member function helper() on null
#0 C:\wamp64\www\Moaney\system\CodeIgniter.php(832): App\Controllers\General->index()
#1 C:\wamp64\www\Moaney\system\CodeIgniter.php(419): CodeIgniter\CodeIgniter->runController(Object(App\Controllers\General))
#2 C:\wamp64\www\Moaney\system\CodeIgniter.php(326): CodeIgniter\CodeIgniter->handleRequest(NULL, Object(Config\Cache), false)
#3 C:\wamp64\www\Moaney\public\index.php(37): CodeIgniter\CodeIgniter->run()
#4 {main}
CRITICAL - 2022-05-27 06:02:11 --> Call to a member function helper() on null
#0 C:\wamp64\www\Moaney\system\CodeIgniter.php(832): App\Controllers\General->index()
#1 C:\wamp64\www\Moaney\system\CodeIgniter.php(419): CodeIgniter\CodeIgniter->runController(Object(App\Controllers\General))
#2 C:\wamp64\www\Moaney\system\CodeIgniter.php(326): CodeIgniter\CodeIgniter->handleRequest(NULL, Object(Config\Cache), false)
#3 C:\wamp64\www\Moaney\public\index.php(37): CodeIgniter\CodeIgniter->run()
#4 {main}
CRITICAL - 2022-05-27 06:02:11 --> Call to a member function helper() on null
#0 C:\wamp64\www\Moaney\system\CodeIgniter.php(832): App\Controllers\General->index()
#1 C:\wamp64\www\Moaney\system\CodeIgniter.php(419): CodeIgniter\CodeIgniter->runController(Object(App\Controllers\General))
#2 C:\wamp64\www\Moaney\system\CodeIgniter.php(326): CodeIgniter\CodeIgniter->handleRequest(NULL, Object(Config\Cache), false)
#3 C:\wamp64\www\Moaney\public\index.php(37): CodeIgniter\CodeIgniter->run()
#4 {main}
CRITICAL - 2022-05-27 06:02:11 --> Call to a member function helper() on null
#0 C:\wamp64\www\Moaney\system\CodeIgniter.php(832): App\Controllers\General->index()
#1 C:\wamp64\www\Moaney\system\CodeIgniter.php(419): CodeIgniter\CodeIgniter->runController(Object(App\Controllers\General))
#2 C:\wamp64\www\Moaney\system\CodeIgniter.php(326): CodeIgniter\CodeIgniter->handleRequest(NULL, Object(Config\Cache), false)
#3 C:\wamp64\www\Moaney\public\index.php(37): CodeIgniter\CodeIgniter->run()
#4 {main}
CRITICAL - 2022-05-27 06:02:12 --> Call to a member function helper() on null
#0 C:\wamp64\www\Moaney\system\CodeIgniter.php(832): App\Controllers\General->index()
#1 C:\wamp64\www\Moaney\system\CodeIgniter.php(419): CodeIgniter\CodeIgniter->runController(Object(App\Controllers\General))
#2 C:\wamp64\www\Moaney\system\CodeIgniter.php(326): CodeIgniter\CodeIgniter->handleRequest(NULL, Object(Config\Cache), false)
#3 C:\wamp64\www\Moaney\public\index.php(37): CodeIgniter\CodeIgniter->run()
#4 {main}
CRITICAL - 2022-05-27 06:02:38 --> Call to a member function helper() on null
#0 C:\wamp64\www\Moaney\system\CodeIgniter.php(832): App\Controllers\General->index()
#1 C:\wamp64\www\Moaney\system\CodeIgniter.php(419): CodeIgniter\CodeIgniter->runController(Object(App\Controllers\General))
#2 C:\wamp64\www\Moaney\system\CodeIgniter.php(326): CodeIgniter\CodeIgniter->handleRequest(NULL, Object(Config\Cache), false)
#3 C:\wamp64\www\Moaney\public\index.php(37): CodeIgniter\CodeIgniter->run()
#4 {main}
CRITICAL - 2022-05-27 06:02:42 --> Call to a member function helper() on null
#0 C:\wamp64\www\Moaney\system\CodeIgniter.php(832): App\Controllers\General->index()
#1 C:\wamp64\www\Moaney\system\CodeIgniter.php(419): CodeIgniter\CodeIgniter->runController(Object(App\Controllers\General))
#2 C:\wamp64\www\Moaney\system\CodeIgniter.php(326): CodeIgniter\CodeIgniter->handleRequest(NULL, Object(Config\Cache), false)
#3 C:\wamp64\www\Moaney\public\index.php(37): CodeIgniter\CodeIgniter->run()
#4 {main}
CRITICAL - 2022-05-27 21:45:14 --> Cannot redeclare App\Controllers\General::index()
#0 [internal function]: CodeIgniter\Debug\Exceptions->shutdownHandler()
#1 {main}
CRITICAL - 2022-05-27 21:45:18 --> Cannot redeclare App\Controllers\General::index()
#0 [internal function]: CodeIgniter\Debug\Exceptions->shutdownHandler()
#1 {main}
CRITICAL - 2022-05-27 21:45:21 --> Cannot redeclare App\Controllers\General::index()
#0 [internal function]: CodeIgniter\Debug\Exceptions->shutdownHandler()
#1 {main}
CRITICAL - 2022-05-27 22:30:05 --> Invalid file: general/transaksi-sukse-byr.php
#0 C:\wamp64\www\Moaney\system\View\View.php(198): CodeIgniter\Exceptions\FrameworkException::forInvalidFile('general/transak...')
#1 C:\wamp64\www\Moaney\system\Common.php(1089): CodeIgniter\View\View->render('general/transak...', Array, true)
#2 C:\wamp64\www\Moaney\app\Controllers\General.php(13): view('general/transak...', Array)
#3 C:\wamp64\www\Moaney\system\CodeIgniter.php(832): App\Controllers\General->index()
#4 C:\wamp64\www\Moaney\system\CodeIgniter.php(419): CodeIgniter\CodeIgniter->runController(Object(App\Controllers\General))
#5 C:\wamp64\www\Moaney\system\CodeIgniter.php(326): CodeIgniter\CodeIgniter->handleRequest(NULL, Object(Config\Cache), false)
#6 C:\wamp64\www\Moaney\public\index.php(37): CodeIgniter\CodeIgniter->run()
#7 {main}
CRITICAL - 2022-05-27 22:30:09 --> Invalid file: general/transaksi-sukse-byr.php
#0 C:\wamp64\www\Moaney\system\View\View.php(198): CodeIgniter\Exceptions\FrameworkException::forInvalidFile('general/transak...')
#1 C:\wamp64\www\Moaney\system\Common.php(1089): CodeIgniter\View\View->render('general/transak...', Array, true)
#2 C:\wamp64\www\Moaney\app\Controllers\General.php(13): view('general/transak...', Array)
#3 C:\wamp64\www\Moaney\system\CodeIgniter.php(832): App\Controllers\General->index()
#4 C:\wamp64\www\Moaney\system\CodeIgniter.php(419): CodeIgniter\CodeIgniter->runController(Object(App\Controllers\General))
#5 C:\wamp64\www\Moaney\system\CodeIgniter.php(326): CodeIgniter\CodeIgniter->handleRequest(NULL, Object(Config\Cache), false)
#6 C:\wamp64\www\Moaney\public\index.php(37): CodeIgniter\CodeIgniter->run()
#7 {main}
CRITICAL - 2022-05-27 22:30:09 --> Invalid file: general/transaksi-sukse-byr.php
#0 C:\wamp64\www\Moaney\system\View\View.php(198): CodeIgniter\Exceptions\FrameworkException::forInvalidFile('general/transak...')
#1 C:\wamp64\www\Moaney\system\Common.php(1089): CodeIgniter\View\View->render('general/transak...', Array, true)
#2 C:\wamp64\www\Moaney\app\Controllers\General.php(13): view('general/transak...', Array)
#3 C:\wamp64\www\Moaney\system\CodeIgniter.php(832): App\Controllers\General->index()
#4 C:\wamp64\www\Moaney\system\CodeIgniter.php(419): CodeIgniter\CodeIgniter->runController(Object(App\Controllers\General))
#5 C:\wamp64\www\Moaney\system\CodeIgniter.php(326): CodeIgniter\CodeIgniter->handleRequest(NULL, Object(Config\Cache), false)
#6 C:\wamp64\www\Moaney\public\index.php(37): CodeIgniter\CodeIgniter->run()
#7 {main}
